<?xml version="1.0" encoding="UTF-8"?>
<testsuite xmlns:xsi="http://www.w3.org/2001/XMLSchema-instance" xsi:noNamespaceSchemaLocation="https://maven.apache.org/surefire/maven-surefire-plugin/xsd/surefire-test-report.xsd" name="game.EntityTest" time="0.509" tests="1" errors="0" skipped="0" failures="0">
  <properties>
    <property name="sun.desktop" value="windows"/>
    <property name="awt.toolkit" value="sun.awt.windows.WToolkit"/>
    <property name="file.encoding.pkg" value="sun.io"/>
    <property name="java.specification.version" value="1.8"/>
    <property name="sun.cpu.isalist" value=""/>
    <property name="sun.jnu.encoding" value="Cp1253"/>
    <property name="java.class.path" value="C:\Users\panagiotis\Desktop\GitHub\Hack-you\Maven\target\test-classes;C:\Users\panagiotis\Desktop\GitHub\Hack-you\Maven\target\classes;C:\Users\panagiotis\.m2\repository\junit\junit\4.13.2\junit-4.13.2.jar;C:\Users\panagiotis\.m2\repository\org\hamcrest\hamcrest-core\1.3\hamcrest-core-1.3.jar;C:\Users\panagiotis\.m2\repository\org\umlgraph\umlgraph\5.6.6\umlgraph-5.6.6.jar;C:\Program Files (x86)\Java\jdk1.8.0_301\jre\..\lib\tools.jar;C:\Users\panagiotis\.m2\repository\org\junit\jupiter\junit-jupiter\5.8.2\junit-jupiter-5.8.2.jar;C:\Users\panagiotis\.m2\repository\org\junit\jupiter\junit-jupiter-api\5.8.2\junit-jupiter-api-5.8.2.jar;C:\Users\panagiotis\.m2\repository\org\opentest4j\opentest4j\1.2.0\opentest4j-1.2.0.jar;C:\Users\panagiotis\.m2\repository\org\junit\platform\junit-platform-commons\1.8.2\junit-platform-commons-1.8.2.jar;C:\Users\panagiotis\.m2\repository\org\apiguardian\apiguardian-api\1.1.2\apiguardian-api-1.1.2.jar;C:\Users\panagiotis\.m2\repository\org\junit\jupiter\junit-jupiter-params\5.8.2\junit-jupiter-params-5.8.2.jar;C:\Users\panagiotis\.m2\repository\org\junit\jupiter\junit-jupiter-engine\5.8.2\junit-jupiter-engine-5.8.2.jar;C:\Users\panagiotis\.m2\repository\org\junit\platform\junit-platform-engine\1.8.2\junit-platform-engine-1.8.2.jar;C:\Users\panagiotis\.m2\repository\gr\spinellis\ckjm\ckjm_ext\2.4\ckjm_ext-2.4.jar;C:\Users\panagiotis\.m2\repository\org\apache\bcel\bcel\6.5.0\bcel-6.5.0.jar;C:\Users\panagiotis\.m2\repository\org\apache\ant\ant\1.10.11\ant-1.10.11.jar;C:\Users\panagiotis\.m2\repository\org\apache\ant\ant-launcher\1.10.11\ant-launcher-1.10.11.jar;C:\Program Files (x86)\Java\jdk1.8.0_301\jre\..\lib\tools.jar;C:\Users\panagiotis\.m2\repository\org\apache\commons\commons-math3\3.6.1\commons-math3-3.6.1.jar;C:\Users\panagiotis\.m2\repository\com\puppycrawl\tools\checkstyle\9.2.1\checkstyle-9.2.1.jar;C:\Users\panagiotis\.m2\repository\info\picocli\picocli\4.6.2\picocli-4.6.2.jar;C:\Users\panagiotis\.m2\repository\org\antlr\antlr4-runtime\4.9.3\antlr4-runtime-4.9.3.jar;C:\Users\panagiotis\.m2\repository\commons-beanutils\commons-beanutils\1.9.4\commons-beanutils-1.9.4.jar;C:\Users\panagiotis\.m2\repository\commons-logging\commons-logging\1.2\commons-logging-1.2.jar;C:\Users\panagiotis\.m2\repository\commons-collections\commons-collections\3.2.2\commons-collections-3.2.2.jar;C:\Users\panagiotis\.m2\repository\com\google\guava\guava\31.0.1-jre\guava-31.0.1-jre.jar;C:\Users\panagiotis\.m2\repository\com\google\guava\failureaccess\1.0.1\failureaccess-1.0.1.jar;C:\Users\panagiotis\.m2\repository\com\google\guava\listenablefuture\9999.0-empty-to-avoid-conflict-with-guava\listenablefuture-9999.0-empty-to-avoid-conflict-with-guava.jar;C:\Users\panagiotis\.m2\repository\com\google\code\findbugs\jsr305\3.0.2\jsr305-3.0.2.jar;C:\Users\panagiotis\.m2\repository\org\checkerframework\checker-qual\3.12.0\checker-qual-3.12.0.jar;C:\Users\panagiotis\.m2\repository\com\google\errorprone\error_prone_annotations\2.7.1\error_prone_annotations-2.7.1.jar;C:\Users\panagiotis\.m2\repository\com\google\j2objc\j2objc-annotations\1.3\j2objc-annotations-1.3.jar;C:\Users\panagiotis\.m2\repository\org\reflections\reflections\0.10.2\reflections-0.10.2.jar;C:\Users\panagiotis\.m2\repository\org\javassist\javassist\3.28.0-GA\javassist-3.28.0-GA.jar;C:\Users\panagiotis\.m2\repository\org\slf4j\slf4j-api\1.7.32\slf4j-api-1.7.32.jar;C:\Users\panagiotis\.m2\repository\net\sf\saxon\Saxon-HE\10.6\Saxon-HE-10.6.jar;"/>
    <property name="java.vm.vendor" value="Oracle Corporation"/>
    <property name="sun.arch.data.model" value="32"/>
    <property name="user.variant" value=""/>
    <property name="java.vendor.url" value="http://java.oracle.com/"/>
    <property name="user.timezone" value="Europe/Athens"/>
    <property name="java.vm.specification.version" value="1.8"/>
    <property name="os.name" value="Windows 10"/>
    <property name="user.country" value="GR"/>
    <property name="sun.java.launcher" value="SUN_STANDARD"/>
    <property name="sun.boot.library.path" value="C:\Program Files (x86)\Java\jdk1.8.0_301\jre\bin"/>
    <property name="sun.java.command" value="C:\Users\panagiotis\AppData\Local\Temp\surefire8033434164982167531\surefirebooter8549906541738608501.jar C:\Users\panagiotis\AppData\Local\Temp\surefire8033434164982167531 2022-01-12T19-01-58_858-jvmRun1 surefire3893197973995791341tmp surefire_08727018309938163403tmp"/>
    <property name="surefire.test.class.path" value="C:\Users\panagiotis\Desktop\GitHub\Hack-you\Maven\target\test-classes;C:\Users\panagiotis\Desktop\GitHub\Hack-you\Maven\target\classes;C:\Users\panagiotis\.m2\repository\junit\junit\4.13.2\junit-4.13.2.jar;C:\Users\panagiotis\.m2\repository\org\hamcrest\hamcrest-core\1.3\hamcrest-core-1.3.jar;C:\Users\panagiotis\.m2\repository\org\umlgraph\umlgraph\5.6.6\umlgraph-5.6.6.jar;C:\Program Files (x86)\Java\jdk1.8.0_301\jre\..\lib\tools.jar;C:\Users\panagiotis\.m2\repository\org\junit\jupiter\junit-jupiter\5.8.2\junit-jupiter-5.8.2.jar;C:\Users\panagiotis\.m2\repository\org\junit\jupiter\junit-jupiter-api\5.8.2\junit-jupiter-api-5.8.2.jar;C:\Users\panagiotis\.m2\repository\org\opentest4j\opentest4j\1.2.0\opentest4j-1.2.0.jar;C:\Users\panagiotis\.m2\repository\org\junit\platform\junit-platform-commons\1.8.2\junit-platform-commons-1.8.2.jar;C:\Users\panagiotis\.m2\repository\org\apiguardian\apiguardian-api\1.1.2\apiguardian-api-1.1.2.jar;C:\Users\panagiotis\.m2\repository\org\junit\jupiter\junit-jupiter-params\5.8.2\junit-jupiter-params-5.8.2.jar;C:\Users\panagiotis\.m2\repository\org\junit\jupiter\junit-jupiter-engine\5.8.2\junit-jupiter-engine-5.8.2.jar;C:\Users\panagiotis\.m2\repository\org\junit\platform\junit-platform-engine\1.8.2\junit-platform-engine-1.8.2.jar;C:\Users\panagiotis\.m2\repository\gr\spinellis\ckjm\ckjm_ext\2.4\ckjm_ext-2.4.jar;C:\Users\panagiotis\.m2\repository\org\apache\bcel\bcel\6.5.0\bcel-6.5.0.jar;C:\Users\panagiotis\.m2\repository\org\apache\ant\ant\1.10.11\ant-1.10.11.jar;C:\Users\panagiotis\.m2\repository\org\apache\ant\ant-launcher\1.10.11\ant-launcher-1.10.11.jar;C:\Program Files (x86)\Java\jdk1.8.0_301\jre\..\lib\tools.jar;C:\Users\panagiotis\.m2\repository\org\apache\commons\commons-math3\3.6.1\commons-math3-3.6.1.jar;C:\Users\panagiotis\.m2\repository\com\puppycrawl\tools\checkstyle\9.2.1\checkstyle-9.2.1.jar;C:\Users\panagiotis\.m2\repository\info\picocli\picocli\4.6.2\picocli-4.6.2.jar;C:\Users\panagiotis\.m2\repository\org\antlr\antlr4-runtime\4.9.3\antlr4-runtime-4.9.3.jar;C:\Users\panagiotis\.m2\repository\commons-beanutils\commons-beanutils\1.9.4\commons-beanutils-1.9.4.jar;C:\Users\panagiotis\.m2\repository\commons-logging\commons-logging\1.2\commons-logging-1.2.jar;C:\Users\panagiotis\.m2\repository\commons-collections\commons-collections\3.2.2\commons-collections-3.2.2.jar;C:\Users\panagiotis\.m2\repository\com\google\guava\guava\31.0.1-jre\guava-31.0.1-jre.jar;C:\Users\panagiotis\.m2\repository\com\google\guava\failureaccess\1.0.1\failureaccess-1.0.1.jar;C:\Users\panagiotis\.m2\repository\com\google\guava\listenablefuture\9999.0-empty-to-avoid-conflict-with-guava\listenablefuture-9999.0-empty-to-avoid-conflict-with-guava.jar;C:\Users\panagiotis\.m2\repository\com\google\code\findbugs\jsr305\3.0.2\jsr305-3.0.2.jar;C:\Users\panagiotis\.m2\repository\org\checkerframework\checker-qual\3.12.0\checker-qual-3.12.0.jar;C:\Users\panagiotis\.m2\repository\com\google\errorprone\error_prone_annotations\2.7.1\error_prone_annotations-2.7.1.jar;C:\Users\panagiotis\.m2\repository\com\google\j2objc\j2objc-annotations\1.3\j2objc-annotations-1.3.jar;C:\Users\panagiotis\.m2\repository\org\reflections\reflections\0.10.2\reflections-0.10.2.jar;C:\Users\panagiotis\.m2\repository\org\javassist\javassist\3.28.0-GA\javassist-3.28.0-GA.jar;C:\Users\panagiotis\.m2\repository\org\slf4j\slf4j-api\1.7.32\slf4j-api-1.7.32.jar;C:\Users\panagiotis\.m2\repository\net\sf\saxon\Saxon-HE\10.6\Saxon-HE-10.6.jar;"/>
    <property name="sun.cpu.endian" value="little"/>
    <property name="user.home" value="C:\Users\panagiotis"/>
    <property name="user.language" value="el"/>
    <property name="java.specification.vendor" value="Oracle Corporation"/>
    <property name="java.home" value="C:\Program Files (x86)\Java\jdk1.8.0_301\jre"/>
    <property name="basedir" value="C:\Users\panagiotis\Desktop\GitHub\Hack-you\Maven"/>
    <property name="file.separator" value="\"/>
    <property name="line.separator" value="&#10;"/>
    <property name="java.vm.specification.vendor" value="Oracle Corporation"/>
    <property name="java.specification.name" value="Java Platform API Specification"/>
    <property name="java.awt.graphicsenv" value="sun.awt.Win32GraphicsEnvironment"/>
    <property name="surefire.real.class.path" value="C:\Users\panagiotis\AppData\Local\Temp\surefire8033434164982167531\surefirebooter8549906541738608501.jar"/>
    <property name="sun.boot.class.path" value="C:\Program Files (x86)\Java\jdk1.8.0_301\jre\lib\resources.jar;C:\Program Files (x86)\Java\jdk1.8.0_301\jre\lib\rt.jar;C:\Program Files (x86)\Java\jdk1.8.0_301\jre\lib\sunrsasign.jar;C:\Program Files (x86)\Java\jdk1.8.0_301\jre\lib\jsse.jar;C:\Program Files (x86)\Java\jdk1.8.0_301\jre\lib\jce.jar;C:\Program Files (x86)\Java\jdk1.8.0_301\jre\lib\charsets.jar;C:\Program Files (x86)\Java\jdk1.8.0_301\jre\lib\jfr.jar;C:\Program Files (x86)\Java\jdk1.8.0_301\jre\classes"/>
    <property name="user.script" value=""/>
    <property name="sun.management.compiler" value="HotSpot Client Compiler"/>
    <property name="java.runtime.version" value="1.8.0_301-b09"/>
    <property name="user.name" value="panagiotis"/>
    <property name="path.separator" value=";"/>
    <property name="os.version" value="10.0"/>
    <property name="java.endorsed.dirs" value="C:\Program Files (x86)\Java\jdk1.8.0_301\jre\lib\endorsed"/>
    <property name="java.runtime.name" value="Java(TM) SE Runtime Environment"/>
    <property name="file.encoding" value="Cp1253"/>
    <property name="java.vm.name" value="Java HotSpot(TM) Client VM"/>
    <property name="localRepository" value="C:\Users\panagiotis\.m2\repository"/>
    <property name="java.vendor.url.bug" value="http://bugreport.sun.com/bugreport/"/>
    <property name="java.io.tmpdir" value="C:\Users\panagiotis\AppData\Local\Temp\"/>
    <property name="idea.version" value="2021.3.1"/>
    <property name="java.version" value="1.8.0_301"/>
    <property name="user.dir" value="C:\Users\panagiotis\Desktop\GitHub\Hack-you\Maven"/>
    <property name="os.arch" value="x86"/>
    <property name="java.vm.specification.name" value="Java Virtual Machine Specification"/>
    <property name="java.awt.printerjob" value="sun.awt.windows.WPrinterJob"/>
    <property name="sun.os.patch.level" value=""/>
    <property name="java.library.path" value="C:\Program Files (x86)\Java\jdk1.8.0_301\jre\bin;C:\WINDOWS\Sun\Java\bin;C:\WINDOWS\system32;C:\WINDOWS;C:\Program Files\AdoptOpenJDK\jdk-15.0.2.7-hotspot\bin;C:\Program Files (x86)\Common Files\Oracle\Java\javapath;C:\Program Files (x86)\Razer Chroma SDK\bin;C:\Program Files\Razer Chroma SDK\bin;C:\Program Files (x86)\Razer\ChromaBroadcast\bin;C:\Program Files\Razer\ChromaBroadcast\bin;F:\bin;C:\WINDOWS\system32;C:\WINDOWS;C:\WINDOWS\System32\Wbem;C:\WINDOWS\System32\WindowsPowerShell\v1.0\;C:\WINDOWS\System32\OpenSSH\;C:\Program Files\Microsoft SQL Server\130\Tools\Binn\;C:\Users\panagiotis\PycharmProjects\untitled\venv\Scripts;F:\Microsoft VS Code\bin;C:\Users\panagiotis\AppData\Local\Microsoft\WindowsApps;C:\Users\panagiotis\.dotnet\tools;C:\Program Files\PuTTY\;C:\Program Files\Java\jdk1.8.0_271\bin;C:\WINDOWS\system32;C:\WINDOWS;C:\WINDOWS\System32\Wbem;C:\WINDOWS\System32\WindowsPowerShell\v1.0\;C:\WINDOWS\System32\OpenSSH\;C:\Program Files\MATLAB\MATLAB Production Server\R2015a\bin;C:\Program Files\MATLAB\R2017a\bin;C:\Program Files\Polyspace\R2019a\runtime\win64;C:\Program Files\Polyspace\R2019a\bin;C:\Program Files\Git\cmd;C:\Program Files\Microsoft SQL Server\Client SDK\ODBC\170\Tools\Binn\;C:\Program Files (x86)\Microsoft SQL Server\150\Tools\Binn\;C:\Program Files\Microsoft SQL Server\150\Tools\Binn\;C:\Program Files\Microsoft SQL Server\150\DTS\Binn\;C:\Program Files\dotnet\ ;C:\Program Files\Apache Software Foundation\apache-maven-3.8.3\bin;C:\Program Files\dotnet\;C:\Program Files (x86)\Microsoft SQL Server\110\Tools\Binn\ManagementStudio\;C:\Program Files (x86)\Microsoft SQL Server\110\Tools\Binn\;C:\Program Files (x86)\Microsoft SQL Server\110\DTS\Binn\;C:\Program Files\Azure Data Studio\bin;C:\Program Files (x86)\Microsoft SQL Server\150\DTS\Binn\;C:\Users\panagiotis\AppData\Local\Programs\Microsoft VS Code\bin;C:\Program Files\Azure Data Studio\bin;C:\Program Files\JetBrains\IntelliJ IDEA 2021.2.3\bin;;C:\Program Files\JetBrains\PyCharm 2021.3\bin;;C:\Users\panagiotis\AppData\Local\GitHubDesktop\bin;."/>
    <property name="java.vm.info" value="mixed mode"/>
    <property name="java.vendor" value="Oracle Corporation"/>
    <property name="java.vm.version" value="25.301-b09"/>
    <property name="java.ext.dirs" value="C:\Program Files (x86)\Java\jdk1.8.0_301\jre\lib\ext;C:\WINDOWS\Sun\Java\lib\ext"/>
    <property name="sun.io.unicode.encoding" value="UnicodeLittle"/>
    <property name="java.class.version" value="52.0"/>
  </properties>
  <testcase name="getImage" classname="game.EntityTest" time="0.505"/>
</testsuite>